Determining if the pthread_create exist failed with the following output:
Change Dir: /home/bogdan/Projects/selfdriving-robot-car/build/robot_racing_car/CMakeFiles/CMakeTmp

Run Build Command:"/usr/bin/make" "cmTC_6000c/fast"
/usr/bin/make -f CMakeFiles/cmTC_6000c.dir/build.make CMakeFiles/cmTC_6000c.dir/build
make[1]: Entering directory '/home/bogdan/Projects/selfdriving-robot-car/build/robot_racing_car/CMakeFiles/CMakeTmp'
Building C object CMakeFiles/cmTC_6000c.dir/CheckSymbolExists.c.o
/usr/bin/cc     -o CMakeFiles/cmTC_6000c.dir/CheckSymbolExists.c.o   -c /home/bogdan/Projects/selfdriving-robot-car/build/robot_racing_car/CMakeFiles/CMakeTmp/CheckSymbolExists.c
Linking C executable cmTC_6000c
/usr/bin/cmake -E cmake_link_script CMakeFiles/cmTC_6000c.dir/link.txt --verbose=1
/usr/bin/cc       CMakeFiles/cmTC_6000c.dir/CheckSymbolExists.c.o  -o cmTC_6000c -rdynamic 
CMakeFiles/cmTC_6000c.dir/CheckSymbolExists.c.o: In function `main':
CheckSymbolExists.c:(.text+0xe): undefined reference to `pthread_create'
CheckSymbolExists.c:(.text+0x12): undefined reference to `pthread_create'
collect2: error: ld returned 1 exit status
CMakeFiles/cmTC_6000c.dir/build.make:97: recipe for target 'cmTC_6000c' failed
make[1]: *** [cmTC_6000c] Error 1
make[1]: Leaving directory '/home/bogdan/Projects/selfdriving-robot-car/build/robot_racing_car/CMakeFiles/CMakeTmp'
Makefile:126: recipe for target 'cmTC_6000c/fast' failed
make: *** [cmTC_6000c/fast] Error 2

File /home/bogdan/Projects/selfdriving-robot-car/build/robot_racing_car/CMakeFiles/CMakeTmp/CheckSymbolExists.c:
/* */
#include <pthread.h>

int main(int argc, char** argv)
{
  (void)argv;
#ifndef pthread_create
  return ((int*)(&pthread_create))[argc];
#else
  (void)argc;
  return 0;
#endif
}

Determining if the function pthread_create exists in the pthreads failed with the following output:
Change Dir: /home/bogdan/Projects/selfdriving-robot-car/build/robot_racing_car/CMakeFiles/CMakeTmp

Run Build Command:"/usr/bin/make" "cmTC_c69bc/fast"
/usr/bin/make -f CMakeFiles/cmTC_c69bc.dir/build.make CMakeFiles/cmTC_c69bc.dir/build
make[1]: Entering directory '/home/bogdan/Projects/selfdriving-robot-car/build/robot_racing_car/CMakeFiles/CMakeTmp'
Building C object CMakeFiles/cmTC_c69bc.dir/CheckFunctionExists.c.o
/usr/bin/cc    -DCHECK_FUNCTION_EXISTS=pthread_create   -o CMakeFiles/cmTC_c69bc.dir/CheckFunctionExists.c.o   -c /usr/share/cmake-3.5/Modules/CheckFunctionExists.c
Linking C executable cmTC_c69bc
/usr/bin/cmake -E cmake_link_script CMakeFiles/cmTC_c69bc.dir/link.txt --verbose=1
/usr/bin/cc   -DCHECK_FUNCTION_EXISTS=pthread_create    CMakeFiles/cmTC_c69bc.dir/CheckFunctionExists.c.o  -o cmTC_c69bc -rdynamic -lpthreads 
/usr/bin/ld: cannot find -lpthreads
collect2: error: ld returned 1 exit status
CMakeFiles/cmTC_c69bc.dir/build.make:97: recipe for target 'cmTC_c69bc' failed
make[1]: *** [cmTC_c69bc] Error 1
make[1]: Leaving directory '/home/bogdan/Projects/selfdriving-robot-car/build/robot_racing_car/CMakeFiles/CMakeTmp'
Makefile:126: recipe for target 'cmTC_c69bc/fast' failed
make: *** [cmTC_c69bc/fast] Error 2


