Determining if the pthread_create exist failed with the following output:
Change Dir: /home/bogdan/Projects/selfdriving-robot-car/build/catkin_tools_prebuild/CMakeFiles/CMakeTmp

Run Build Command:"/usr/bin/make" "cmTC_0ff9b/fast"
/usr/bin/make -f CMakeFiles/cmTC_0ff9b.dir/build.make CMakeFiles/cmTC_0ff9b.dir/build
make[1]: Entering directory '/home/bogdan/Projects/selfdriving-robot-car/build/catkin_tools_prebuild/CMakeFiles/CMakeTmp'
Building C object CMakeFiles/cmTC_0ff9b.dir/CheckSymbolExists.c.o
/usr/bin/cc     -o CMakeFiles/cmTC_0ff9b.dir/CheckSymbolExists.c.o   -c /home/bogdan/Projects/selfdriving-robot-car/build/catkin_tools_prebuild/CMakeFiles/CMakeTmp/CheckSymbolExists.c
Linking C executable cmTC_0ff9b
/usr/bin/cmake -E cmake_link_script CMakeFiles/cmTC_0ff9b.dir/link.txt --verbose=1
/usr/bin/cc       CMakeFiles/cmTC_0ff9b.dir/CheckSymbolExists.c.o  -o cmTC_0ff9b -rdynamic 
CMakeFiles/cmTC_0ff9b.dir/CheckSymbolExists.c.o: In function `main':
CheckSymbolExists.c:(.text+0xe): undefined reference to `pthread_create'
CheckSymbolExists.c:(.text+0x12): undefined reference to `pthread_create'
collect2: error: ld returned 1 exit status
CMakeFiles/cmTC_0ff9b.dir/build.make:97: recipe for target 'cmTC_0ff9b' failed
make[1]: *** [cmTC_0ff9b] Error 1
make[1]: Leaving directory '/home/bogdan/Projects/selfdriving-robot-car/build/catkin_tools_prebuild/CMakeFiles/CMakeTmp'
Makefile:126: recipe for target 'cmTC_0ff9b/fast' failed
make: *** [cmTC_0ff9b/fast] Error 2

File /home/bogdan/Projects/selfdriving-robot-car/build/catkin_tools_prebuild/CMakeFiles/CMakeTmp/CheckSymbolExists.c:
/* */
#include <pthread.h>

int main(int argc, char** argv)
{
  (void)argv;
#ifndef pthread_create
  return ((int*)(&pthread_create))[argc];
#else
  (void)argc;
  return 0;
#endif
}

Determining if the function pthread_create exists in the pthreads failed with the following output:
Change Dir: /home/bogdan/Projects/selfdriving-robot-car/build/catkin_tools_prebuild/CMakeFiles/CMakeTmp

Run Build Command:"/usr/bin/make" "cmTC_a0943/fast"
/usr/bin/make -f CMakeFiles/cmTC_a0943.dir/build.make CMakeFiles/cmTC_a0943.dir/build
make[1]: Entering directory '/home/bogdan/Projects/selfdriving-robot-car/build/catkin_tools_prebuild/CMakeFiles/CMakeTmp'
Building C object CMakeFiles/cmTC_a0943.dir/CheckFunctionExists.c.o
/usr/bin/cc    -DCHECK_FUNCTION_EXISTS=pthread_create   -o CMakeFiles/cmTC_a0943.dir/CheckFunctionExists.c.o   -c /usr/share/cmake-3.5/Modules/CheckFunctionExists.c
Linking C executable cmTC_a0943
/usr/bin/cmake -E cmake_link_script CMakeFiles/cmTC_a0943.dir/link.txt --verbose=1
/usr/bin/cc   -DCHECK_FUNCTION_EXISTS=pthread_create    CMakeFiles/cmTC_a0943.dir/CheckFunctionExists.c.o  -o cmTC_a0943 -rdynamic -lpthreads 
/usr/bin/ld: cannot find -lpthreads
collect2: error: ld returned 1 exit status
CMakeFiles/cmTC_a0943.dir/build.make:97: recipe for target 'cmTC_a0943' failed
make[1]: *** [cmTC_a0943] Error 1
make[1]: Leaving directory '/home/bogdan/Projects/selfdriving-robot-car/build/catkin_tools_prebuild/CMakeFiles/CMakeTmp'
Makefile:126: recipe for target 'cmTC_a0943/fast' failed
make: *** [cmTC_a0943/fast] Error 2


