Determining if the pthread_create exist failed with the following output:
Change Dir: /home/bogdan/Projects/robotRacingCar/build/CMakeFiles/CMakeTmp

Run Build Command:"/usr/bin/make" "cmTC_9b60e/fast"
/usr/bin/make -f CMakeFiles/cmTC_9b60e.dir/build.make CMakeFiles/cmTC_9b60e.dir/build
make[1]: Entering directory '/home/bogdan/Projects/robotRacingCar/build/CMakeFiles/CMakeTmp'
Building C object CMakeFiles/cmTC_9b60e.dir/CheckSymbolExists.c.o
/usr/bin/cc     -o CMakeFiles/cmTC_9b60e.dir/CheckSymbolExists.c.o   -c /home/bogdan/Projects/robotRacingCar/build/CMakeFiles/CMakeTmp/CheckSymbolExists.c
Linking C executable cmTC_9b60e
/usr/bin/cmake -E cmake_link_script CMakeFiles/cmTC_9b60e.dir/link.txt --verbose=1
/usr/bin/cc       CMakeFiles/cmTC_9b60e.dir/CheckSymbolExists.c.o  -o cmTC_9b60e -rdynamic 
CMakeFiles/cmTC_9b60e.dir/CheckSymbolExists.c.o: In function `main':
CheckSymbolExists.c:(.text+0x16): undefined reference to `pthread_create'
collect2: error: ld returned 1 exit status
CMakeFiles/cmTC_9b60e.dir/build.make:97: recipe for target 'cmTC_9b60e' failed
make[1]: *** [cmTC_9b60e] Error 1
make[1]: Leaving directory '/home/bogdan/Projects/robotRacingCar/build/CMakeFiles/CMakeTmp'
Makefile:126: recipe for target 'cmTC_9b60e/fast' failed
make: *** [cmTC_9b60e/fast] Error 2

File /home/bogdan/Projects/robotRacingCar/build/CMakeFiles/CMakeTmp/CheckSymbolExists.c:
/* */
#include <pthread.h>

int main(int argc, char** argv)
{
  (void)argv;
#ifndef pthread_create
  return ((int*)(&pthread_create))[argc];
#else
  (void)argc;
  return 0;
#endif
}

Determining if the function pthread_create exists in the pthreads failed with the following output:
Change Dir: /home/bogdan/Projects/robotRacingCar/build/CMakeFiles/CMakeTmp

Run Build Command:"/usr/bin/make" "cmTC_2dddc/fast"
/usr/bin/make -f CMakeFiles/cmTC_2dddc.dir/build.make CMakeFiles/cmTC_2dddc.dir/build
make[1]: Entering directory '/home/bogdan/Projects/robotRacingCar/build/CMakeFiles/CMakeTmp'
Building C object CMakeFiles/cmTC_2dddc.dir/CheckFunctionExists.c.o
/usr/bin/cc    -DCHECK_FUNCTION_EXISTS=pthread_create   -o CMakeFiles/cmTC_2dddc.dir/CheckFunctionExists.c.o   -c /usr/share/cmake-3.5/Modules/CheckFunctionExists.c
Linking C executable cmTC_2dddc
/usr/bin/cmake -E cmake_link_script CMakeFiles/cmTC_2dddc.dir/link.txt --verbose=1
/usr/bin/cc   -DCHECK_FUNCTION_EXISTS=pthread_create    CMakeFiles/cmTC_2dddc.dir/CheckFunctionExists.c.o  -o cmTC_2dddc -rdynamic -lpthreads 
/usr/bin/ld: cannot find -lpthreads
collect2: error: ld returned 1 exit status
CMakeFiles/cmTC_2dddc.dir/build.make:97: recipe for target 'cmTC_2dddc' failed
make[1]: *** [cmTC_2dddc] Error 1
make[1]: Leaving directory '/home/bogdan/Projects/robotRacingCar/build/CMakeFiles/CMakeTmp'
Makefile:126: recipe for target 'cmTC_2dddc/fast' failed
make: *** [cmTC_2dddc/fast] Error 2


